06-Nov-22 20:40:53 - <LogRecord: root, 20, C:\Users\AsRock\PycharmProjects\BASIC-TESTING-FWM\lib\auth.py, 10, "login">
06-Nov-22 20:40:53 - <LogRecord: root, 10, C:\Users\AsRock\PycharmProjects\BASIC-TESTING-FWM\lib\auth.py, 17, "Requested payload: {'username': '*******', 'password': '*******'}">
06-Nov-22 20:40:53 - Starting new HTTP connection (1): localhost:8080
06-Nov-22 20:40:54 - http://localhost:8080 "POST /auth/login HTTP/1.1" 200 285
06-Nov-22 20:40:54 - <LogRecord: root, 10, C:\Users\AsRock\PycharmProjects\BASIC-TESTING-FWM\tests\auth\test_login.py, 7, "{'access_token': 'eyJ0eXAiOiJKV1QiLCJhbGciOiJIUzI1NiJ9.eyJpZCI6MSwidXNlcm5hbWUiOiJhZG1pbiIsInBhc3N3b3JkX2hhc2giOiIkMmIkMTIkQS9vRVBVNU5lc3hjM3ozbXJQcTg5dTM4N3RoMy5wOTRsb2trcFd6NS5Ba0ZTWmtpSFV6SUciLCJyb2xlcyI6ImFkbWluIn0.lc0oKbSZSIqTMSgIGy9uwFG-J4tWJVf4bDGU35eic80', 'token_type': 'Bearer'}">
06-Nov-22 20:40:54 - <LogRecord: root, 20, C:\Users\AsRock\PycharmProjects\BASIC-TESTING-FWM\tests\conftest.py, 11, "login_as_*******()">
06-Nov-22 20:40:54 - <LogRecord: root, 10, C:\Users\AsRock\PycharmProjects\BASIC-TESTING-FWM\tests\conftest.py, 16, "Login payload: {'username': '*******', 'password': '*******'}">
06-Nov-22 20:40:54 - http://localhost:8080 "POST /auth/login HTTP/1.1" 200 285
06-Nov-22 20:40:54 - <LogRecord: root, 20, C:\Users\AsRock\PycharmProjects\BASIC-TESTING-FWM\tests\comments\test_comments.py, 6, "test_get_all_comments">
06-Nov-22 20:40:54 - <LogRecord: root, 20, C:\Users\AsRock\PycharmProjects\BASIC-TESTING-FWM\lib\comments.py, 10, "get_all_comments">
06-Nov-22 20:40:54 - http://localhost:8080 "GET /comments HTTP/1.1" 307 None
06-Nov-22 20:40:54 - http://localhost:8080 "GET /comments/ HTTP/1.1" 200 2
06-Nov-22 20:40:54 - <LogRecord: root, 10, C:\Users\AsRock\PycharmProjects\BASIC-TESTING-FWM\tests\comments\test_comments.py, 8, "[]">
06-Nov-22 20:40:54 - <LogRecord: root, 20, C:\Users\AsRock\PycharmProjects\BASIC-TESTING-FWM\tests\comments\test_comments.py, 14, "test_create_comment">
06-Nov-22 20:40:54 - <LogRecord: root, 20, C:\Users\AsRock\PycharmProjects\BASIC-TESTING-FWM\lib\comments.py, 24, "create_comment">
06-Nov-22 20:40:54 - <LogRecord: root, 10, C:\Users\AsRock\PycharmProjects\BASIC-TESTING-FWM\lib\comments.py, 27, "Request parameters: {'text': 'First Comment'}">
06-Nov-22 20:40:54 - http://localhost:8080 "POST /comments/?text=First+Comment HTTP/1.1" 201 50
06-Nov-22 20:40:54 - <LogRecord: root, 10, C:\Users\AsRock\PycharmProjects\BASIC-TESTING-FWM\tests\comments\test_comments.py, 17, "{'id': 37, 'comment_text': 'First Comment', 'likes': 0}">
06-Nov-22 20:40:54 - <LogRecord: root, 20, C:\Users\AsRock\PycharmProjects\BASIC-TESTING-FWM\lib\comments.py, 17, "get_comment_id">
06-Nov-22 20:40:54 - http://localhost:8080 "GET /comments HTTP/1.1" 307 None
06-Nov-22 20:40:54 - http://localhost:8080 "GET /comments/ HTTP/1.1" 200 52
06-Nov-22 20:40:54 - <LogRecord: root, 20, C:\Users\AsRock\PycharmProjects\BASIC-TESTING-FWM\lib\comments.py, 33, "update_the_comment">
06-Nov-22 20:40:54 - http://localhost:8080 "PUT /comments/37 HTTP/1.1" 200 61
06-Nov-22 20:40:54 - <LogRecord: root, 10, C:\Users\AsRock\PycharmProjects\BASIC-TESTING-FWM\tests\comments\test_comments.py, 28, "{'id': 37, 'comment_text': 'My First updated comment', 'likes': 6}">
06-Nov-22 20:40:54 - <LogRecord: root, 20, C:\Users\AsRock\PycharmProjects\BASIC-TESTING-FWM\lib\comments.py, 17, "get_comment_id">
06-Nov-22 20:40:54 - http://localhost:8080 "GET /comments HTTP/1.1" 307 None
06-Nov-22 20:40:54 - http://localhost:8080 "GET /comments/ HTTP/1.1" 200 63
06-Nov-22 20:40:54 - <LogRecord: root, 20, C:\Users\AsRock\PycharmProjects\BASIC-TESTING-FWM\lib\comments.py, 47, "delete_comment">
06-Nov-22 20:40:54 - http://localhost:8080 "DELETE /comments/37 HTTP/1.1" 200 31
06-Nov-22 20:40:54 - <LogRecord: root, 10, C:\Users\AsRock\PycharmProjects\BASIC-TESTING-FWM\tests\comments\test_comments.py, 39, "{'detail': 'Deleted comment 37'}">
06-Nov-22 20:40:54 - Starting new HTTP connection (1): localhost:8080
06-Nov-22 20:40:54 - http://localhost:8080 "GET /health HTTP/1.1" 200 30
06-Nov-22 20:40:54 - <LogRecord: root, 20, C:\Users\AsRock\PycharmProjects\BASIC-TESTING-FWM\lib\users.py, 28, "create_an_user">
06-Nov-22 20:40:54 - <LogRecord: root, 10, C:\Users\AsRock\PycharmProjects\BASIC-TESTING-FWM\lib\users.py, 36, "Request payload: {'username': 'Georgi', 'password_hash': 'Sktpktmktsht_12345', 'roles': 'user'}">
06-Nov-22 20:40:54 - http://localhost:8080 "POST /users/ HTTP/1.1" 201 123
06-Nov-22 20:40:54 - <LogRecord: root, 20, C:\Users\AsRock\PycharmProjects\BASIC-TESTING-FWM\lib\users.py, 38, "{'id': 49, 'username': 'Georgi', 'password_hash': '$2b$12$N0hmYX.uuPkN9IpgVBVhgu2p7bJKkyiZHNWAZqyfY8iHU6TenIxpS', 'roles': 'user'}">
06-Nov-22 20:40:54 - <LogRecord: root, 20, C:\Users\AsRock\PycharmProjects\BASIC-TESTING-FWM\tests\conftest.py, 28, "login_as_user()">
06-Nov-22 20:40:54 - <LogRecord: root, 10, C:\Users\AsRock\PycharmProjects\BASIC-TESTING-FWM\tests\conftest.py, 33, "Login payload: {'username': 'Georgi', 'password': 'Sktpktmktsht_12345'}">
06-Nov-22 20:40:54 - http://localhost:8080 "POST /auth/login HTTP/1.1" 200 286
06-Nov-22 20:40:54 - <LogRecord: root, 20, C:\Users\AsRock\PycharmProjects\BASIC-TESTING-FWM\lib\users.py, 43, "get_current_authenticated_user">
06-Nov-22 20:40:54 - http://localhost:8080 "GET /users/me HTTP/1.1" 200 123
06-Nov-22 20:40:54 - <LogRecord: root, 10, C:\Users\AsRock\PycharmProjects\BASIC-TESTING-FWM\lib\users.py, 46, "{'id': 49, 'username': 'Georgi', 'password_hash': '$2b$12$N0hmYX.uuPkN9IpgVBVhgu2p7bJKkyiZHNWAZqyfY8iHU6TenIxpS', 'roles': 'user'}">
06-Nov-22 20:40:54 - <LogRecord: root, 20, C:\Users\AsRock\PycharmProjects\BASIC-TESTING-FWM\lib\users.py, 28, "create_an_user">
06-Nov-22 20:40:54 - <LogRecord: root, 10, C:\Users\AsRock\PycharmProjects\BASIC-TESTING-FWM\lib\users.py, 36, "Request payload: {'username': 'Mitko', 'password_hash': 'Mitko_12345', 'roles': 'user'}">
06-Nov-22 20:40:54 - http://localhost:8080 "POST /users/ HTTP/1.1" 403 36
06-Nov-22 20:40:54 - <LogRecord: root, 20, C:\Users\AsRock\PycharmProjects\BASIC-TESTING-FWM\lib\users.py, 38, "{'detail': 'Operation not permitted'}">
06-Nov-22 20:40:54 - <LogRecord: root, 20, C:\Users\AsRock\PycharmProjects\BASIC-TESTING-FWM\lib\users.py, 20, "get_user_id">
06-Nov-22 20:40:54 - http://localhost:8080 "GET /users/ HTTP/1.1" 200 248
06-Nov-22 20:40:54 - <LogRecord: root, 10, C:\Users\AsRock\PycharmProjects\BASIC-TESTING-FWM\lib\users.py, 23, "49">
06-Nov-22 20:40:54 - <LogRecord: root, 20, C:\Users\AsRock\PycharmProjects\BASIC-TESTING-FWM\lib\users.py, 51, "delete_an_user">
06-Nov-22 20:40:54 - http://localhost:8080 "DELETE /users/49 HTTP/1.1" 403 36
06-Nov-22 20:40:54 - <LogRecord: root, 10, C:\Users\AsRock\PycharmProjects\BASIC-TESTING-FWM\lib\users.py, 54, "{'detail': 'Operation not permitted'}">
06-Nov-22 20:40:54 - <LogRecord: root, 20, C:\Users\AsRock\PycharmProjects\BASIC-TESTING-FWM\lib\users.py, 20, "get_user_id">
06-Nov-22 20:40:54 - http://localhost:8080 "GET /users/ HTTP/1.1" 200 248
06-Nov-22 20:40:54 - <LogRecord: root, 10, C:\Users\AsRock\PycharmProjects\BASIC-TESTING-FWM\lib\users.py, 23, "49">
06-Nov-22 20:40:54 - <LogRecord: root, 20, C:\Users\AsRock\PycharmProjects\BASIC-TESTING-FWM\lib\users.py, 51, "delete_an_user">
06-Nov-22 20:40:54 - http://localhost:8080 "DELETE /users/49 HTTP/1.1" 200 28
06-Nov-22 20:40:54 - <LogRecord: root, 10, C:\Users\AsRock\PycharmProjects\BASIC-TESTING-FWM\lib\users.py, 54, "{'detail': 'Deleted user 49'}">
06-Nov-22 20:40:54 - <LogRecord: root, 20, C:\Users\AsRock\PycharmProjects\BASIC-TESTING-FWM\lib\users.py, 28, "create_an_user">
06-Nov-22 20:40:54 - <LogRecord: root, 10, C:\Users\AsRock\PycharmProjects\BASIC-TESTING-FWM\lib\users.py, 36, "Request payload: {'username': 'Misho', 'password_hash': 'Admin_!12345', 'roles': '*******'}">
06-Nov-22 20:40:55 - http://localhost:8080 "POST /users/ HTTP/1.1" 201 123
06-Nov-22 20:40:55 - <LogRecord: root, 20, C:\Users\AsRock\PycharmProjects\BASIC-TESTING-FWM\lib\users.py, 38, "{'id': 50, 'username': 'Misho', 'password_hash': '$2b$12$e0gtmZMPu54uAmSFj7ciTuUIWD9XsPai9SGx7c9iFK3p5imOfSWCe', 'roles': '*******'}">
06-Nov-22 20:40:55 - <LogRecord: root, 20, C:\Users\AsRock\PycharmProjects\BASIC-TESTING-FWM\lib\users.py, 20, "get_user_id">
06-Nov-22 20:40:55 - http://localhost:8080 "GET /users/ HTTP/1.1" 200 248
06-Nov-22 20:40:55 - <LogRecord: root, 10, C:\Users\AsRock\PycharmProjects\BASIC-TESTING-FWM\lib\users.py, 23, "50">
06-Nov-22 20:40:55 - <LogRecord: root, 20, C:\Users\AsRock\PycharmProjects\BASIC-TESTING-FWM\lib\users.py, 51, "delete_an_user">
06-Nov-22 20:40:55 - http://localhost:8080 "DELETE /users/50 HTTP/1.1" 200 28
06-Nov-22 20:40:55 - <LogRecord: root, 10, C:\Users\AsRock\PycharmProjects\BASIC-TESTING-FWM\lib\users.py, 54, "{'detail': 'Deleted user 50'}">
